
----------------------------------------------------------
Simulation parameters 
----------------------------------------------------------
Number of particles:                  20 
Box length:                    1.000e+02 nm
Box volume:                    1.000e+06 nm^3
Density:                       1.327e-06 g/cm^3

Time step:                         0.100 ps
Number of time steps:               1000
Simulation time:               1.000e+02 ps

Ensemble:                            NVT
Thermostat temperature:              300 K
Thermostat coupling:           1.000e+00 ps

Lower cutoff radius:               0.010 nm
----------------------------------------------------------
Elapsed time:                      4.366 s
Elapsed time per time step:        0.004 s
Time stamp:                   2026-07-20 14:52:24 s
----------------------------------------------------------
END
----------------------------------------------------------
